<?xml version="1.0" encoding="UTF-8" ?>
<testsuite failures="1" time="0.57" errors="0" skipped="0" tests="1" name="ufcg.edu.br.Sistema120121.testes.TesteEasy">
  <properties>
[...]
</properties>
  <testcase time="0.568" classname="ufcg.edu.br.Sistema120121.testes.TesteEasy" name="testarEasyAcceptScript">
    <failure message="null" type="java.lang.AssertionError">java.lang.AssertionError: null
	at org.junit.Assert.fail(Assert.java:58)
	at org.junit.Assert.assertTrue(Assert.java:27)
	at org.junit.Assert.assertTrue(Assert.java:35)
	at ufcg.edu.br.Sistema120121.testes.TesteEasy.testarEasyAcceptScript(TesteEasy.java:41)
	at sun.reflect.NativeMethodAccessorImpl.invoke0(Native Method)
	at sun.reflect.NativeMethodAccessorImpl.invoke(NativeMethodAccessorImpl.java:39)
	at sun.reflect.DelegatingMethodAccessorImpl.invoke(DelegatingMethodAccessorImpl.java:25)
	at java.lang.reflect.Method.invoke(Method.java:597)
	at org.junit.internal.runners.TestMethodRunner.executeMethodBody(TestMethodRunner.java:99)
	at org.junit.internal.runners.TestMethodRunner.runUnprotected(TestMethodRunner.java:81)
	at org.junit.internal.runners.BeforeAndAfterRunner.runProtected(BeforeAndAfterRunner.java:34)
	at org.junit.internal.runners.TestMethodRunner.runMethod(TestMethodRunner.java:75)
	at org.junit.internal.runners.TestMethodRunner.run(TestMethodRunner.java:45)
	at org.junit.internal.runners.TestClassMethodsRunner.invokeTestMethod(TestClassMethodsRunner.java:71)
	at org.junit.internal.runners.TestClassMethodsRunner.run(TestClassMethodsRunner.java:35)
	at org.junit.internal.runners.TestClassRunner$1.runUnprotected(TestClassRunner.java:42)
	at org.junit.internal.runners.BeforeAndAfterRunner.runProtected(BeforeAndAfterRunner.java:34)
	at org.junit.internal.runners.TestClassRunner.run(TestClassRunner.java:52)
	at org.apache.maven.surefire.junit4.JUnit4TestSet.execute(JUnit4TestSet.java:35)
	at org.apache.maven.surefire.junit4.JUnit4Provider.executeTestSet(JUnit4Provider.java:146)
	at org.apache.maven.surefire.junit4.JUnit4Provider.invoke(JUnit4Provider.java:97)
	at sun.reflect.NativeMethodAccessorImpl.invoke0(Native Method)
	at sun.reflect.NativeMethodAccessorImpl.invoke(NativeMethodAccessorImpl.java:39)
	at sun.reflect.DelegatingMethodAccessorImpl.invoke(DelegatingMethodAccessorImpl.java:25)
	at java.lang.reflect.Method.invoke(Method.java:597)
	at org.apache.maven.surefire.booter.ProviderFactory$ClassLoaderProxy.invoke(ProviderFactory.java:103)
	at $Proxy0.invoke(Unknown Source)
	at org.apache.maven.surefire.booter.SurefireStarter.invokeProvider(SurefireStarter.java:145)
	at org.apache.maven.surefire.booter.SurefireStarter.runSuitesInProcess(SurefireStarter.java:87)
	at org.apache.maven.surefire.booter.ForkedBooter.main(ForkedBooter.java:69)
</failure>
    <system-out>@SLTests run: 2, Failures: 0, Errors: 0, Skipped: 0, Time elapsed: 0.003 sec
@SLRunning ufcg.edu.br.Sistema120121.testes.TesteEasy
Test file: scripts/US01.txt | Passed Tests: 15 | Not Passed Tests: 18

FAILURES:
   At line 26: Expected the error message &lt;Login inv√°lido&gt;, but the error message was &lt;Login inválido&gt;
   At line 27: Expected the error message &lt;Login inv√°lido&gt;, but the error message was &lt;Login inválido&gt;
   At line 28: Expected the error message &lt;Nome inv√°lido&gt;, but the error message was &lt;Nome inválido&gt;
   At line 29: Expected the error message &lt;Nome inv√°lido&gt;, but the error message was &lt;Nome inválido&gt;
   At line 30: Expected the error message &lt;Email inv√°lido&gt;, but the error message was &lt;Email inválido&gt;
   At line 31: Expected the error message &lt;Email inv√°lido&gt;, but the error message was &lt;Email inválido&gt;
   At line 32: Expected the error message &lt;J√° existe um usu√°rio com este email&gt;, but the error message was &lt;Já existe um usuário com este email&gt;
   At line 33: Expected the error message &lt;J√° existe um usu√°rio com este login&gt;, but the error message was &lt;Já existe um usuário com este login&gt;
   At line 34: Expected the error message &lt;Login inv√°lido&gt;, but the error message was &lt;Login inválido&gt;
   At line 35: Expected the error message &lt;Login inv√°lido&gt;, but the error message was &lt;Login inválido&gt;
   At line 36: Expected the error message &lt;Login inv√°lido&gt;, but the error message was &lt;Login inválido&gt;
   At line 37: Expected the error message &lt;Login inv√°lido&gt;, but the error message was &lt;Login inválido&gt;
   At line 38: Expected the error message &lt;Usu√°rio inexistente&gt;, but the error message was &lt;Usuário inexistente&gt;
   At line 40: Expected the error message &lt;Login inv√°lido&gt;, but the error message was &lt;Login inválido&gt;
   At line 41: Expected the error message &lt;Login inv√°lido&gt;, but the error message was &lt;Login inválido&gt;
   At line 42: Expected the error message &lt;Usu√°rio inexistente&gt;, but the error message was &lt;Usuário inexistente&gt;
   At line 43: Expected the error message &lt;Atributo inv√°lido&gt;, but the error message was &lt;Atributo inválido&gt;
   At line 44: Expected the error message &lt;Atributo inv√°lido&gt;, but the error message was &lt;Atributo inválido&gt;
======================== 

Test file: scripts/US02.txt | Passed Tests: 10 | Not Passed Tests: 54

FAILURES:
   At line 16: Unexpected error: Destino inválido
   At line 17: Unexpected error: Origem inválida
   At line 18: Unexpected error: Destino inválido
   At line 22:Destino inválido
   At line 23: Unexpected error: Identificador do carona é inválido
   At line 24: Unexpected error: Identificador do carona é inválido
   At line 25: Unexpected error: Trajeto Inexistente
   At line 27:Destino inválido
   At line 28: Unexpected error: Identificador do carona é inválido
   At line 29: Unexpected error: Identificador do carona é inválido
   At line 31:Origem inválida
   At line 32: Unexpected error: Carona Inexistente
   At line 34:Origem inválida
   At line 35: Unexpected error: Carona Inexistente
   At line 37:Origem inválida
   At line 38: Unexpected error: Carona Inexistente
   At line 41: Unexpected error: Origem inválida
   At line 42: Unexpected error: Destino inválido
   At line 43: Unexpected error: Origem inválida
   At line 46: Unexpected error: Origem inválida
   At line 49: Unexpected error: Destino inválido
   At line 52: Expected &lt;{,,,,}&gt;, but was &lt;{}&gt;
   At line 55: Expected the error message &lt;Sess√£o inv√°lida&gt;, but the error message was &lt;Sessão inválida&gt;
   At line 56: Expected the error message &lt;Sess√£o inv√°lida&gt;, but the error message was &lt;Sessão inválida&gt;
   At line 57: Expected the error message &lt;Sess√£o inexistente&gt;, but the error message was &lt;Sessão inexistente&gt;
   At line 59: Expected the error message &lt;Origem inv√°lida&gt;, but the error message was &lt;Origem inválida&gt;
   At line 60: Expected the error message &lt;Origem inv√°lida&gt;, but the error message was &lt;Origem inválida&gt;
   At line 62: Expected the error message &lt;Destino inv√°lido&gt;, but the error message was &lt;Destino inválido&gt;
   At line 63: Expected the error message &lt;Destino inv√°lido&gt;, but the error message was &lt;Destino inválido&gt;
   At line 65: Expected the error message &lt;Data inv√°lida&gt;, but the error message was &lt;Data inválida&gt;
   At line 66: Expected the error message &lt;Data inv√°lida&gt;, but the error message was &lt;Data inválida&gt;
   At line 67: Expected the error message &lt;Data inv√°lida&gt;, but the error message was &lt;Data inválida&gt;
   At line 68: Expected the error message &lt;Data inv√°lida&gt;, but the error message was &lt;Data inválida&gt;
   At line 69: Expected the error message &lt;Data inv√°lida&gt;, but the error message was &lt;Data inválida&gt;
   At line 70: Expected the error message &lt;Data inv√°lida&gt;, but the error message was &lt;Data inválida&gt;
   At line 73: Expected the error message &lt;Hora inv√°lida&gt;, but the error message was &lt;Hora inválida&gt;
   At line 74: Expected the error message &lt;Hora inv√°lida&gt;, but the error message was &lt;Hora inválida&gt;
   At line 75: Expected the error message &lt;Hora inv√°lida&gt;, but the error message was &lt;Hora inválida&gt;
   At line 77: Expected the error message &lt;Vaga inv√°lida&gt;, but the error message was &lt;Vaga inválida&gt;
   At line 78: Expected the error message &lt;Vaga inv√°lida&gt;, but the error message was &lt;Vaga inválida&gt;
   At line 80: Expected the error message &lt;Identificador do carona √© inv√°lido&gt;, but the error message was &lt;Identificador do carona é inválido&gt;
   At line 81: Expected the error message &lt;Identificador do carona √© inv√°lido&gt;, but the error message was &lt;Identificador do carona é inválido&gt;
   At line 83: Expected the error message &lt;Atributo inv√°lido&gt;, but the error message was &lt;Identificador do carona é inválido&gt;
   At line 84: Expected the error message &lt;Atributo inv√°lido&gt;, but the error message was &lt;Identificador do carona é inválido&gt;
   At line 85: Expected the error message &lt;Atributo inexistente&gt;, but the error message was &lt;Identificador do carona é inválido&gt;
   At line 87: Expected the error message &lt;Carona Inv√°lida&gt;, but the error message was &lt;Carona Inválida&gt;
   At line 90: Expected the error message &lt;Trajeto Inv√°lida&gt;, but the error message was &lt;Trajeto Inválida&gt;
   At line 94: Expected the error message &lt;Origem inv√°lida&gt;, but the error message was &lt;Origem inválida&gt;
   At line 95: Expected the error message &lt;Origem inv√°lida&gt;, but the error message was &lt;Origem inválida&gt;
   At line 96: Expected the error message &lt;Origem inv√°lida&gt;, but the error message was &lt;Origem inválida&gt;
   At line 97: Expected the error message &lt;Origem inv√°lida&gt;, but the error message was &lt;Origem inválida&gt;
   At line 98: Expected the error message &lt;Destino inv√°lido&gt;, but the error message was &lt;Destino inválido&gt;
   At line 99: Expected the error message &lt;Destino inv√°lido&gt;, but the error message was &lt;Destino inválido&gt;
   At line 100: Expected the error message &lt;Destino inv√°lido&gt;, but the error message was &lt;Destino inválido&gt;
======================== 

Test file: scripts/US03.txt | Passed Tests: 6 | Not Passed Tests: 15

FAILURES:
   At line 17: Unexpected error: Destino inválido
   At line 18: Unexpected error: Origem inválida
   At line 19: Unexpected error: Destino inválido
   At line 23:Origem inválida
   At line 24:Destino inválido
   At line 25:Destino inválido
   At line 26:Destino inválido
   At line 30: Unexpected error: Origem inválida
   At line 31: Unexpected error: Destino inválido
   At line 32: Unexpected error: Destino inválido
   At line 36: Expected the error message &lt;Origem inv√°lida&gt;, but the error message was &lt;Origem inválida&gt;
   At line 37: Expected the error message &lt;Origem inv√°lida&gt;, but the error message was &lt;Origem inválida&gt;
   At line 38: Expected the error message &lt;Origem inv√°lida&gt;, but the error message was &lt;Origem inválida&gt;
   At line 39: Expected the error message &lt;Destino inv√°lido&gt;, but the error message was &lt;Destino inválido&gt;
   At line 40: Expected the error message &lt;Destino inv√°lido&gt;, but the error message was &lt;Destino inválido&gt;
======================== 

Test file: scripts/US04.txt | Passed Tests: 19 | Not Passed Tests: 22

FAILURES:
   At line 22:Origem inválida
   At line 23:Destino inválido
   At line 24:Destino inválido
   At line 25:Destino inválido
   At line 36:Identificador do carona é inválido
   At line 41:Identificador do carona é inválido
   At line 46:Identificador do carona é inválido
   At line 47: Unexpected error: Solicitação inexistente
   At line 48: Unexpected error: Solicitação inexistente
   At line 49: Unexpected error: Solicitação inexistente
   At line 50: Unexpected error: Solicitação inexistente
   At line 51: Unexpected error: Solicitação inexistente
   At line 56:Solicitação inexistente
   At line 57: Unexpected error: Identificador do carona é inválido
   At line 58: Unexpected error: Solicitação inexistente
   At line 62: Expected the error message &lt;Solicita√ß√£o inexistente&gt;, but the error message was &lt;Solicitação inexistente&gt;
   At line 63: Unexpected error: Identificador do carona é inválido
   At line 66:Identificador do carona é inválido
   At line 70:Identificador do carona é inválido
   At line 73:Solicitação inexistente
   At line 76: Expected the error message &lt;Ponto Inv√°lido&gt;, but the error message was &lt;Ponto Inválido&gt;
   At line 77: Expected the error message &lt;Ponto Inv√°lido&gt;, but the error message was &lt;Ponto Inválido&gt;
======================== 

Test file: scripts/US05.txt | Passed Tests: 10 | Not Passed Tests: 22

FAILURES:
   At line 20:Origem inválida
   At line 21:Destino inválido
   At line 22:Destino inválido
   At line 23:Destino inválido
   At line 34:Identificador do carona é inválido
   At line 35: Unexpected error: Solicitação inexistente
   At line 36: Unexpected error: Solicitação inexistente
   At line 37: Unexpected error: Solicitação inexistente
   At line 38: Unexpected error: Solicitação inexistente
   At line 44:Solicitação inexistente
   At line 45: Unexpected error: Identificador do carona é inválido
   At line 48: Expected the error message &lt;Solicita√ß√£o inexistente&gt;, but the error message was &lt;Solicitação inexistente&gt;
   At line 49: Unexpected error: Identificador do carona é inválido
   At line 52:Identificador do carona é inválido
   At line 53: Unexpected error: Solicitação inexistente
   At line 54: Unexpected error: Solicitação inexistente
   At line 55: Unexpected error: Solicitação inexistente
   At line 56: Unexpected error: Solicitação inexistente
   At line 59:Solicitação inexistente
   At line 60: Unexpected error: Identificador do carona é inválido
   At line 63: Expected the error message &lt;Solicita√ß√£o inexistente&gt;, but the error message was &lt;Solicitação inexistente&gt;
   At line 64: Unexpected error: Identificador do carona é inválido
======================== 

Test file: scripts/US06.txt | Passed Tests: 20 | Not Passed Tests: 6

FAILURES:
   At line 22: Unexpected error: Atributo inexistente
   At line 24: Unexpected error: Atributo inexistente
   At line 26:Origem inválida
   At line 35: Unexpected error: Atributo inexistente
   At line 37: Unexpected error: Atributo inexistente
   At line 41: Expected the error message &lt;Login inv√°lido&gt;, but the error message was &lt;Login inválido&gt;
======================== 

Test file: scripts/US07.txt | Passed Tests: 34 | Not Passed Tests: 28

FAILURES:
   At line 32:Origem inválida
   At line 33:Destino inválido
   At line 34:Destino inválido
   At line 35:Destino inválido
   At line 44:Identificador do carona é inválido
   At line 48:Identificador do carona é inválido
   At line 49: Unexpected error: Solicitação inexistente
   At line 50: Unexpected error: Solicitação inexistente
   At line 51: Unexpected error: Solicitação inexistente
   At line 52: Unexpected error: Solicitação inexistente
   At line 56:Solicitação inexistente
   At line 57: Unexpected error: Identificador do carona é inválido
   At line 84: 1, Size: 1
   At line 85: Unexpected error: Identificador do carona é inválido
   At line 86: Unexpected error: Identificador do carona é inválido
   At line 88: 2, Size: 1
   At line 89: Unexpected error: Identificador do carona é inválido
   At line 90: Unexpected error: Identificador do carona é inválido
   At line 93: Expected &lt;Campina Grande&gt;, but was &lt;Leeds&gt;
   At line 94: Expected &lt;Jo√£o Pessoa&gt;, but was &lt;Londres&gt;
   At line 96: 1, Size: 1
   At line 97: Unexpected error: Identificador do carona é inválido
   At line 98: Unexpected error: Identificador do carona é inválido
   At line 100: 2, Size: 1
   At line 105: Expected &lt;{mark|20/07/2012|14:00,,}&gt;, but was &lt;{mark|20/07/2012|14:00}&gt;
   At line 106: Expected &lt;{steve|10/02/2013|10:00,,steve|10/02/2013|10:00}&gt;, but was &lt;{steve|10/02/2013|10:00}&gt;
   At line 111: Expected &lt;[Acude Velho;Hiper Bompreco]&gt;, but was &lt;&gt;
   At line 114: Expected &lt;[Acude Velho;Hiper Bompreco]&gt;, but was &lt;&gt;
======================== 

Test file: scripts/US08.txt | Passed Tests: 20 | Not Passed Tests: 28

FAILURES:
   At line 19:Destino inválido
   At line 20:Destino inválido
   At line 26:Identificador do carona é inválido
   At line 27: Unexpected error: Solicitação inexistente
   At line 28: Unexpected error: Solicitação inexistente
   At line 29: Unexpected error: Solicitação inexistente
   At line 30: Unexpected error: Solicitação inexistente
   At line 33:Solicitação inexistente
   At line 34: Unexpected error: Identificador do carona é inválido
   At line 37:Identificador do carona é inválido
   At line 38: Unexpected error: Solicitação inexistente
   At line 39: Unexpected error: Solicitação inexistente
   At line 40: Unexpected error: Solicitação inexistente
   At line 41: Unexpected error: Solicitação inexistente
   At line 44:Solicitação inexistente
   At line 45: Unexpected error: Identificador do carona é inválido
   At line 48:Identificador do carona é inválido
   At line 53: Expected &lt;[,]&gt;, but was &lt;[]&gt;
   At line 56: Unexpected error: Atributo inexistente
   At line 57: Expected &lt;1&gt;, but was &lt;0&gt;
   At line 58: Unexpected error: Atributo inexistente
   At line 60:Opção inválida.
   At line 65: Expected &lt;[,]&gt;, but was &lt;[]&gt;
   At line 68: Unexpected error: Atributo inexistente
   At line 69: Expected &lt;1&gt;, but was &lt;0&gt;
   At line 70: Unexpected error: Atributo inexistente
   At line 73: Expected the error message &lt;Op√ß√£o inv√°lida.&gt;, but the error message was &lt;Opção inválida.&gt;
   At line 78: Expected the error message &lt;Usu√°rio n√£o possui vaga na carona.&gt;, but the error message was &lt;Opção inválida.&gt;
======================== 

Test file: scripts/US09.txt | Passed Tests: 20 | Not Passed Tests: 26

FAILURES:
   At line 19:Destino inválido
   At line 20:Destino inválido
   At line 26:Identificador do carona é inválido
   At line 27: Unexpected error: Solicitação inexistente
   At line 28: Unexpected error: Solicitação inexistente
   At line 29: Unexpected error: Solicitação inexistente
   At line 30: Unexpected error: Solicitação inexistente
   At line 33:Solicitação inexistente
   At line 34: Unexpected error: Identificador do carona é inválido
   At line 37:Identificador do carona é inválido
   At line 38: Unexpected error: Solicitação inexistente
   At line 39: Unexpected error: Solicitação inexistente
   At line 40: Unexpected error: Solicitação inexistente
   At line 41: Unexpected error: Solicitação inexistente
   At line 44:Solicitação inexistente
   At line 45: Unexpected error: Identificador do carona é inválido
   At line 48:Identificador do carona é inválido
   At line 54: Expected &lt;1&gt;, but was &lt;0&gt;
   At line 55: Unexpected error: Atributo inexistente
   At line 57: Unexpected error: Atributo inexistente
   At line 59:Opção inválida.
   At line 65: Expected &lt;1&gt;, but was &lt;0&gt;
   At line 66: Unexpected error: Atributo inexistente
   At line 68: Unexpected error: Atributo inexistente
   At line 70: Expected the error message &lt;Op√ß√£o inv√°lida.&gt;, but the error message was &lt;Opção inválida.&gt;
   At line 75: Expected the error message &lt;Usu√°rio n√£o possui vaga na carona.&gt;, but the error message was &lt;Opção inválida.&gt;
======================== 


</system-out>
  </testcase>
</testsuite>