<?xml version="1.0" encoding="UTF-8" ?>
<testsuite failures="0" time="0.036" errors="0" skipped="0" tests="3" name="ufcg.edu.br.Sistema120121.testes.TestaClasseCarona">
  <properties>
[...]
</properties>
  <testcase time="0.014" classname="ufcg.edu.br.Sistema120121.testes.TestaClasseCarona" name="testaGetOrigem"/>
  <testcase time="0.002" classname="ufcg.edu.br.Sistema120121.testes.TestaClasseCarona" name="testaSetOrigem"/>
  <testcase time="0.002" classname="ufcg.edu.br.Sistema120121.testes.TestaClasseCarona" name="testaGetDestino"/>
</testsuite>