<?xml version="1.0" encoding="UTF-8" ?>
<testsuite failures="1" time="0.028" errors="0" skipped="0" tests="5" name="ufcg.edu.br.Sistema120121.testes.TestaClasseData">
  <properties>
[...]
</properties>
  <testcase time="0.002" classname="ufcg.edu.br.Sistema120121.testes.TestaClasseData" name="testaGetData"/>
  <testcase time="0.001" classname="ufcg.edu.br.Sistema120121.testes.TestaClasseData" name="testaGetAno"/>
  <testcase time="0.002" classname="ufcg.edu.br.Sistema120121.testes.TestaClasseData" name="testaGetMes"/>
  <testcase time="0.001" classname="ufcg.edu.br.Sistema120121.testes.TestaClasseData" name="testaGetDia"/>
  <testcase time="0.013" classname="ufcg.edu.br.Sistema120121.testes.TestaClasseData" name="testaDataValida">
    <failure message="null" type="java.lang.AssertionError">java.lang.AssertionError: null
	at org.junit.Assert.fail(Assert.java:58)
	at org.junit.Assert.assertTrue(Assert.java:27)
	at org.junit.Assert.assertFalse(Assert.java:43)
	at org.junit.Assert.assertFalse(Assert.java:51)
	at ufcg.edu.br.Sistema120121.testes.TestaClasseData.testaDataValida(TestaClasseData.java:64)
	at sun.reflect.NativeMethodAccessorImpl.invoke0(Native Method)
	at sun.reflect.NativeMethodAccessorImpl.invoke(NativeMethodAccessorImpl.java:57)
	at sun.reflect.DelegatingMethodAccessorImpl.invoke(DelegatingMethodAccessorImpl.java:43)
	at java.lang.reflect.Method.invoke(Method.java:601)
	at org.junit.internal.runners.TestMethodRunner.executeMethodBody(TestMethodRunner.java:99)
	at org.junit.internal.runners.TestMethodRunner.runUnprotected(TestMethodRunner.java:81)
	at org.junit.internal.runners.BeforeAndAfterRunner.runProtected(BeforeAndAfterRunner.java:34)
	at org.junit.internal.runners.TestMethodRunner.runMethod(TestMethodRunner.java:75)
	at org.junit.internal.runners.TestMethodRunner.run(TestMethodRunner.java:45)
	at org.junit.internal.runners.TestClassMethodsRunner.invokeTestMethod(TestClassMethodsRunner.java:71)
	at org.junit.internal.runners.TestClassMethodsRunner.run(TestClassMethodsRunner.java:35)
	at org.junit.internal.runners.TestClassRunner$1.runUnprotected(TestClassRunner.java:42)
	at org.junit.internal.runners.BeforeAndAfterRunner.runProtected(BeforeAndAfterRunner.java:34)
	at org.junit.internal.runners.TestClassRunner.run(TestClassRunner.java:52)
	at org.apache.maven.surefire.junit4.JUnit4TestSet.execute(JUnit4TestSet.java:35)
	at org.apache.maven.surefire.junit4.JUnit4Provider.executeTestSet(JUnit4Provider.java:146)
	at org.apache.maven.surefire.junit4.JUnit4Provider.invoke(JUnit4Provider.java:97)
	at sun.reflect.NativeMethodAccessorImpl.invoke0(Native Method)
	at sun.reflect.NativeMethodAccessorImpl.invoke(NativeMethodAccessorImpl.java:57)
	at sun.reflect.DelegatingMethodAccessorImpl.invoke(DelegatingMethodAccessorImpl.java:43)
	at java.lang.reflect.Method.invoke(Method.java:601)
	at org.apache.maven.surefire.booter.ProviderFactory$ClassLoaderProxy.invoke(ProviderFactory.java:103)
	at $Proxy0.invoke(Unknown Source)
	at org.apache.maven.surefire.booter.SurefireStarter.invokeProvider(SurefireStarter.java:145)
	at org.apache.maven.surefire.booter.SurefireStarter.runSuitesInProcess(SurefireStarter.java:87)
	at org.apache.maven.surefire.booter.ForkedBooter.main(ForkedBooter.java:69)
</failure>
  </testcase>
</testsuite>