<?xml version="1.0" encoding="UTF-8" ?>
<testsuite failures="1" time="0.198" errors="0" skipped="0" tests="1" name="ufcg.edu.br.Sistema120121.testes.TesteEasy">
  <properties>
[...]
</properties>
  <testcase time="0.196" classname="ufcg.edu.br.Sistema120121.testes.TesteEasy" name="testarEasyAcceptScript">
    <failure message="null" type="java.lang.AssertionError">java.lang.AssertionError: null
	at org.junit.Assert.fail(Assert.java:58)
	at org.junit.Assert.assertTrue(Assert.java:27)
	at org.junit.Assert.assertTrue(Assert.java:35)
	at ufcg.edu.br.Sistema120121.testes.TesteEasy.testarEasyAcceptScript(TesteEasy.java:40)
	at sun.reflect.NativeMethodAccessorImpl.invoke0(Native Method)
	at sun.reflect.NativeMethodAccessorImpl.invoke(NativeMethodAccessorImpl.java:39)
	at sun.reflect.DelegatingMethodAccessorImpl.invoke(DelegatingMethodAccessorImpl.java:25)
	at java.lang.reflect.Method.invoke(Method.java:597)
	at org.junit.internal.runners.TestMethodRunner.executeMethodBody(TestMethodRunner.java:99)
	at org.junit.internal.runners.TestMethodRunner.runUnprotected(TestMethodRunner.java:81)
	at org.junit.internal.runners.BeforeAndAfterRunner.runProtected(BeforeAndAfterRunner.java:34)
	at org.junit.internal.runners.TestMethodRunner.runMethod(TestMethodRunner.java:75)
	at org.junit.internal.runners.TestMethodRunner.run(TestMethodRunner.java:45)
	at org.junit.internal.runners.TestClassMethodsRunner.invokeTestMethod(TestClassMethodsRunner.java:71)
	at org.junit.internal.runners.TestClassMethodsRunner.run(TestClassMethodsRunner.java:35)
	at org.junit.internal.runners.TestClassRunner$1.runUnprotected(TestClassRunner.java:42)
	at org.junit.internal.runners.BeforeAndAfterRunner.runProtected(BeforeAndAfterRunner.java:34)
	at org.junit.internal.runners.TestClassRunner.run(TestClassRunner.java:52)
	at org.apache.maven.surefire.junit4.JUnit4TestSet.execute(JUnit4TestSet.java:35)
	at org.apache.maven.surefire.junit4.JUnit4Provider.executeTestSet(JUnit4Provider.java:146)
	at org.apache.maven.surefire.junit4.JUnit4Provider.invoke(JUnit4Provider.java:97)
	at sun.reflect.NativeMethodAccessorImpl.invoke0(Native Method)
	at sun.reflect.NativeMethodAccessorImpl.invoke(NativeMethodAccessorImpl.java:39)
	at sun.reflect.DelegatingMethodAccessorImpl.invoke(DelegatingMethodAccessorImpl.java:25)
	at java.lang.reflect.Method.invoke(Method.java:597)
	at org.apache.maven.surefire.booter.ProviderFactory$ClassLoaderProxy.invoke(ProviderFactory.java:103)
	at $Proxy0.invoke(Unknown Source)
	at org.apache.maven.surefire.booter.SurefireStarter.invokeProvider(SurefireStarter.java:145)
	at org.apache.maven.surefire.booter.SurefireStarter.runSuitesInProcess(SurefireStarter.java:87)
	at org.apache.maven.surefire.booter.ForkedBooter.main(ForkedBooter.java:69)
</failure>
    <system-out>@SLTests run: 14, Failures: 0, Errors: 0, Skipped: 0, Time elapsed: 0.065 sec
@SLRunning ufcg.edu.br.Sistema120121.testes.TesteEasy
Test file: scripts/US01.txt | Passed Tests: 15 | Not Passed Tests: 18

FAILURES:
   At line 26: Expected the error message &lt;Login inv√°lido&gt;, but the error message was &lt;Login invÃ¡lido&gt;
   At line 27: Expected the error message &lt;Login inv√°lido&gt;, but the error message was &lt;Login invÃ¡lido&gt;
   At line 28: Expected the error message &lt;Nome inv√°lido&gt;, but the error message was &lt;Nome invÃ¡lido&gt;
   At line 29: Expected the error message &lt;Nome inv√°lido&gt;, but the error message was &lt;Nome invÃ¡lido&gt;
   At line 30: Expected the error message &lt;Email inv√°lido&gt;, but the error message was &lt;Email invÃ¡lido&gt;
   At line 31: Expected the error message &lt;Email inv√°lido&gt;, but the error message was &lt;Email invÃ¡lido&gt;
   At line 32: Expected the error message &lt;J√° existe um usu√°rio com este email&gt;, but the error message was &lt;JÃ¡ existe um usuÃ¡rio com este email&gt;
   At line 33: Expected the error message &lt;J√° existe um usu√°rio com este login&gt;, but the error message was &lt;JÃ¡ existe um usuÃ¡rio com este login&gt;
   At line 34: Expected the error message &lt;Login inv√°lido&gt;, but the error message was &lt;Login invÃ¡lido&gt;
   At line 35: Expected the error message &lt;Login inv√°lido&gt;, but the error message was &lt;Login invÃ¡lido&gt;
   At line 36: Expected the error message &lt;Login inv√°lido&gt;, but the error message was &lt;Login invÃ¡lido&gt;
   At line 37: Expected the error message &lt;Login inv√°lido&gt;, but the error message was &lt;Login invÃ¡lido&gt;
   At line 38: Expected the error message &lt;Usu√°rio inexistente&gt;, but the error message was &lt;UsuÃ¡rio inexistente&gt;
   At line 40: Expected the error message &lt;Login inv√°lido&gt;, but the error message was &lt;Login invÃ¡lido&gt;
   At line 41: Expected the error message &lt;Login inv√°lido&gt;, but the error message was &lt;Login invÃ¡lido&gt;
   At line 42: Expected the error message &lt;Usu√°rio inexistente&gt;, but the error message was &lt;UsuÃ¡rio inexistente&gt;
   At line 43: Expected the error message &lt;Atributo inv√°lido&gt;, but the error message was &lt;Atributo invÃ¡lido&gt;
   At line 44: Expected the error message &lt;Atributo inv√°lido&gt;, but the error message was &lt;Atributo invÃ¡lido&gt;
======================== 


</system-out>
  </testcase>
</testsuite>